? sockets
? bin/primer3
? conf/httpd.conf.offline
? conf/httpd.conf.production
? html/index.html
? html/index.original.html
? html/mt
? html/external/2007
? html/images/structure-images
? html/images/expression/assembled
? html/images/expression/localizome
? html/images/expression/patterns
? html/js/prototype.1.51.js
? html/papers/new_papers_WS173.html
? html/papers/new_papers_WS182.html
? html/papers/new_papers_WS183.html
? html/papers/new_papers_WS184.html
? html/papers/new_papers_WS185.html
? html/papers/new_papers_WS186.html
? html/papers/new_papers_WS187.html
? html/papers/new_papers_WS188.html
? html/papers/new_papers_WS191.html
? html/papers/new_papers_WS194.html
? html/papers/new_papers_WS197.html
? html/papers/newest_papers.html
? html/papers/previous_papers.txt
? html/release_notes/letter.WS196
? html/release_notes/letter.WS198
? html/release_notes/letter.WS200
? html/release_notes/letter.WS201
? html/release_notes/letter.WS202
? html/release_notes/letter.WS203
? html/rss/dev-entries.xml
? html/rss/live-entries.xml
? html/rss/wormbase-atom.xml
? html/rss/wormbase-dev.xml
? html/rss/wormbase-live-atom.xml
? html/rss/wormbase-live.xml
? html/rss/wormmart-entries.xml
? html/rss/wormmart.xml
? util/admin/gfServer.log
U bin/e-PCR
U cgi-perl/gene/variation
U cgi-perl/lib/RSS/ObjectHistory.pm
U cgi-perl/ontology/search
RCS file: /usr/local/cvs_repository/wormbase-site/cgi-perl/searches/rnai_search,v
retrieving revision 1.23
retrieving revision 1.24
Merging differences between 1.23 and 1.24 into rnai_search
M cgi-perl/searches/rnai_search
U cgi-perl/orthology/search
U cgi-perl/seq/gbrowse
U cgi-perl/seq/gbrowse_img
U conf/httpd.conf
U conf/perl.startup
U conf/validate_gff3.cfg
U conf/validate_gff3_online.cfg
U conf/gbrowse.conf/b_malayi.conf
U conf/gbrowse.conf/c_brenneri.conf
U conf/gbrowse.conf/c_briggsae.conf
U conf/gbrowse.conf/c_briggsae_cb25.conf
U conf/gbrowse.conf/c_elegans_gmap.conf
U conf/gbrowse.conf/c_elegans_pmap.conf
U conf/gbrowse.conf/c_remanei.conf
U conf/gbrowse.conf/c_remanei_nGASP.conf
U conf/gbrowse.conf/m_hapla.conf
RCS file: /usr/local/cvs_repository/wormbase-site/conf/gbrowse.conf/nGASP_submissions.conf,v
retrieving revision 1.7
retrieving revision 1.9
Merging differences between 1.7 and 1.9 into nGASP_submissions.conf
C conf/gbrowse.conf/nGASP_submissions.conf
U conf/gbrowse.conf/nGASP.conf
U conf/gbrowse.conf/p_pacificus.conf
U conf/gbrowse.conf/ws77.conf
U html/foo.txt
M html/stylesheets/wormbase.css
U html/standard_urls/standard_urls.xml
